<?xml version="1.0" encoding="UTF-8"?>
<robot generator="Robot 5.0.1 (Python 3.10.5 on win32)" generated="20220902 10:20:13.331" rpa="false" schemaversion="3">
<suite id="s1" name="Teste" source="C:\Users\bielx\OneDrive\Área de Trabalho\TesteLogin\teste_.robot">
<test id="s1-t1" name="Test login" line="13">
<kw name="Abrir navegador" library="teste_resource" type="SETUP">
<try>
<branch type="TRY">
<kw name="Open Browser" library="SeleniumLibrary">
<arg>browser=chrome</arg>
<doc>Opens a new browser instance to the optional ``url``.</doc>
<msg timestamp="20220902 10:20:13.655" level="INFO">Opening browser 'chrome' to base url 'None'.</msg>
<status status="PASS" starttime="20220902 10:20:13.655" endtime="20220902 10:20:15.021"/>
</kw>
<kw name="Maximize Browser Window" library="SeleniumLibrary">
<doc>Maximizes current browser window.</doc>
<status status="PASS" starttime="20220902 10:20:15.021" endtime="20220902 10:20:15.151"/>
</kw>
<status status="PASS" starttime="20220902 10:20:13.655" endtime="20220902 10:20:15.151"/>
</branch>
<branch type="EXCEPT">
<pattern>"Possivel falha ao iniciar o site"</pattern>
<kw name="Log" library="BuiltIn">
<arg>"Sistema fora do ar"</arg>
<doc>Logs the given message with the given level.</doc>
<status status="NOT RUN" starttime="20220902 10:20:15.151" endtime="20220902 10:20:15.151"/>
</kw>
<status status="NOT RUN" starttime="20220902 10:20:15.151" endtime="20220902 10:20:15.151"/>
</branch>
<status status="PASS" starttime="20220902 10:20:13.655" endtime="20220902 10:20:15.151"/>
</try>
<status status="PASS" starttime="20220902 10:20:13.654" endtime="20220902 10:20:15.151"/>
</kw>
<kw name="Acessar pagina do MoviDesktop" library="Login">
<kw name="Go To" library="SeleniumLibrary">
<arg>${Login_URLL}</arg>
<doc>Navigates the current browser window to the provided ``url``.</doc>
<msg timestamp="20220902 10:20:15.153" level="INFO">Opening url 'https://segurosunimed.movidesk.com/'</msg>
<status status="PASS" starttime="20220902 10:20:15.152" endtime="20220902 10:20:17.152"/>
</kw>
<kw name="Wait Until Page Contains Element" library="SeleniumLibrary">
<arg>${Login_Box}</arg>
<doc>Waits until the element ``locator`` appears on the current page.</doc>
<status status="PASS" starttime="20220902 10:20:17.152" endtime="20220902 10:20:17.166"/>
</kw>
<status status="PASS" starttime="20220902 10:20:15.152" endtime="20220902 10:20:17.166"/>
</kw>
<kw name="Input dados login e senha" library="Login">
<kw name="Click Element" library="SeleniumLibrary">
<arg>${Login_Campo_Usuario}</arg>
<doc>Click the element identified by ``locator``.</doc>
<msg timestamp="20220902 10:20:17.167" level="INFO">Clicking element '//input[@name='UserName']'.</msg>
<status status="PASS" starttime="20220902 10:20:17.167" endtime="20220902 10:20:17.217"/>
</kw>
<kw name="Input Text" library="SeleniumLibrary">
<arg>${Login_Campo_Usuario}</arg>
<arg>${Login_Usuario}</arg>
<doc>Types the given ``text`` into the text field identified by ``locator``.</doc>
<msg timestamp="20220902 10:20:17.217" level="INFO">Typing text 'teste' into text field '//input[@name='UserName']'.</msg>
<status status="PASS" starttime="20220902 10:20:17.217" endtime="20220902 10:20:17.270"/>
</kw>
<kw name="Click Element" library="SeleniumLibrary">
<arg>${Login_Campo_Senha}</arg>
<doc>Click the element identified by ``locator``.</doc>
<msg timestamp="20220902 10:20:17.270" level="INFO">Clicking element '//input[contains(@data-val-required,'O campo senha deve ser informado.')]'.</msg>
<status status="PASS" starttime="20220902 10:20:17.270" endtime="20220902 10:20:17.324"/>
</kw>
<kw name="Input Text" library="SeleniumLibrary">
<arg>${Login_Campo_Senha}</arg>
<arg>${Login_Senha}</arg>
<doc>Types the given ``text`` into the text field identified by ``locator``.</doc>
<msg timestamp="20220902 10:20:17.325" level="INFO">Typing text 'teste' into text field '//input[contains(@data-val-required,'O campo senha deve ser informado.')]'.</msg>
<status status="PASS" starttime="20220902 10:20:17.324" endtime="20220902 10:20:17.385"/>
</kw>
<kw name="Click Button" library="SeleniumLibrary">
<arg>${Login_Button_Entrar}</arg>
<doc>Clicks the button identified by ``locator``.</doc>
<msg timestamp="20220902 10:20:17.386" level="INFO">Clicking button '//button[contains(.,'Entrar')]'.</msg>
<status status="PASS" starttime="20220902 10:20:17.385" endtime="20220902 10:20:17.450"/>
</kw>
<status status="PASS" starttime="20220902 10:20:17.166" endtime="20220902 10:20:17.450"/>
</kw>
<kw name="Fechar navegador" type="TEARDOWN">
<msg timestamp="20220902 10:20:17.455" level="FAIL">No keyword with name 'Fechar navegador' found. Did you mean:
    teste_resource.Fechar NavegadorD</msg>
<status status="FAIL" starttime="20220902 10:20:17.455" endtime="20220902 10:20:17.455">No keyword with name 'Fechar navegador' found. Did you mean:
    teste_resource.Fechar NavegadorD</status>
</kw>
<doc>Esse test verificara a pagina de login no MoviDesktop
E realizara o login</doc>
<status status="FAIL" starttime="20220902 10:20:13.653" endtime="20220902 10:20:17.456">Teardown failed:
No keyword with name 'Fechar navegador' found. Did you mean:
    teste_resource.Fechar NavegadorD</status>
</test>
<doc>Teste abrir pagina de login</doc>
<status status="FAIL" starttime="20220902 10:20:13.334" endtime="20220902 10:20:17.460"/>
</suite>
<statistics>
<total>
<stat pass="0" fail="1" skip="0">All Tests</stat>
</total>
<tag>
</tag>
<suite>
<stat pass="0" fail="1" skip="0" id="s1" name="Teste">Teste</stat>
</suite>
</statistics>
<errors>
</errors>
</robot>
